[debug] [2020-08-22T21:20:48.986Z] ----------------------------------------------------------------------
[debug] [2020-08-22T21:20:48.987Z] Command:       C:\Program Files\nodejs\node.exe C:\Users\Nero\AppData\Roaming\npm\node_modules\firebase-tools\lib\bin\firebase.js deploy
[debug] [2020-08-22T21:20:48.987Z] CLI Version:   8.9.0
[debug] [2020-08-22T21:20:48.987Z] Platform:      win32
[debug] [2020-08-22T21:20:48.987Z] Node Version:  v12.18.1
[debug] [2020-08-22T21:20:48.988Z] Time:          Sun Aug 23 2020 04:20:48 GMT+0700 (Indochina Time)
[debug] [2020-08-22T21:20:48.988Z] ----------------------------------------------------------------------
[debug] [2020-08-22T21:20:48.988Z] 
[debug] [2020-08-22T21:20:48.994Z] > command requires scopes: ["email","openid","https://www.googleapis.com/auth/cloudplatformprojects.readonly","https://www.googleapis.com/auth/firebase","https://www.googleapis.com/auth/cloud-platform"]
[debug] [2020-08-22T21:20:48.994Z] > authorizing via signed-in user
[debug] [2020-08-22T21:20:48.994Z] [iam] checking project swan-music for permissions ["firebase.projects.get","firebasehosting.sites.update"]
[debug] [2020-08-22T21:20:48.997Z] >>> HTTP REQUEST POST https://cloudresourcemanager.googleapis.com/v1/projects/swan-music:testIamPermissions  
 {"permissions":["firebase.projects.get","firebasehosting.sites.update"]}
[debug] [2020-08-22T21:20:49.936Z] <<< HTTP RESPONSE 200 {"content-type":"application/json; charset=UTF-8","vary":"X-Origin, Referer, Origin,Accept-Encoding","date":"Sat, 22 Aug 2020 21:20:49 GMT","server":"ESF","cache-control":"private","x-xss-protection":"0","x-frame-options":"SAMEORIGIN","x-content-type-options":"nosniff","server-timing":"gfet4t7; dur=824","alt-svc":"h3-29=\":443\"; ma=2592000,h3-27=\":443\"; ma=2592000,h3-T050=\":443\"; ma=2592000,h3-Q050=\":443\"; ma=2592000,h3-Q046=\":443\"; ma=2592000,h3-Q043=\":443\"; ma=2592000,quic=\":443\"; ma=2592000; v=\"46,43\"","accept-ranges":"none","transfer-encoding":"chunked"}
[debug] [2020-08-22T21:20:49.938Z] >>> HTTP REQUEST GET https://firebase.googleapis.com/v1beta1/projects/swan-music  
 
[debug] [2020-08-22T21:20:50.596Z] <<< HTTP RESPONSE 200 {"content-type":"application/json; charset=UTF-8","vary":"X-Origin, Referer, Origin,Accept-Encoding","date":"Sat, 22 Aug 2020 21:20:50 GMT","server":"ESF","cache-control":"private","x-xss-protection":"0","x-frame-options":"SAMEORIGIN","x-content-type-options":"nosniff","alt-svc":"h3-29=\":443\"; ma=2592000,h3-27=\":443\"; ma=2592000,h3-T050=\":443\"; ma=2592000,h3-Q050=\":443\"; ma=2592000,h3-Q046=\":443\"; ma=2592000,h3-Q043=\":443\"; ma=2592000,quic=\":443\"; ma=2592000; v=\"46,43\"","accept-ranges":"none","transfer-encoding":"chunked"}
[info] 
[info] === Deploying to 'swan-music'...
[info] 
[info] i  deploying hosting 
[debug] [2020-08-22T21:20:50.600Z] >>> HTTP REQUEST POST https://firebasehosting.googleapis.com/v1beta1/sites/swanmusic/versions  
 {"config":{},"labels":{"deployment-tool":"cli-firebase"}}
